-------------------------------------------------------------------------------
Test set: CalculadoraTest
-------------------------------------------------------------------------------
Tests run: 3, Failures: 1, Errors: 0, Skipped: 0, Time elapsed: 0.049 s <<< FAILURE! - in CalculadoraTest
dividirTest  Time elapsed: 0.011 s  <<< FAILURE!
org.opentest4j.AssertionFailedError: expected: <4.0> but was: <3.0>
	at CalculadoraTest.dividirTest(CalculadoraTest.java:32)

