<?xml version="1.0" encoding="UTF-8"?>
<testsuite xmlns:xsi="http://www.w3.org/2001/XMLSchema-instance" xsi:noNamespaceSchemaLocation="https://maven.apache.org/surefire/maven-surefire-plugin/xsd/surefire-test-report.xsd" name="CalculadoraTest" time="0.049" tests="3" errors="0" skipped="0" failures="1">
  <properties>
[...]
</properties>
  <testcase name="dividirCuandoDivisorCeroTest" classname="CalculadoraTest" time="0.028"/>
  <testcase name="sumaTest" classname="CalculadoraTest" time="0.002"/>
  <testcase name="dividirTest" classname="CalculadoraTest" time="0.011">
    <failure message="expected: &lt;4.0&gt; but was: &lt;3.0&gt;" type="org.opentest4j.AssertionFailedError"><![CDATA[org.opentest4j.AssertionFailedError: expected: <4.0> but was: <3.0>
	at CalculadoraTest.dividirTest(CalculadoraTest.java:32)
]]></failure>
  </testcase>
</testsuite>